<?xml version="1.0" encoding="UTF-8"?>
<!-- Generated by org.testng.reporters.JUnitXMLReporter -->
<testsuite ignored="2" hostname="YCSLAP1132" failures="1" tests="2" name="Test" time="3.564" errors="0" timestamp="2025-05-21T16:30:00 IST">
  <testcase classname="demoCRM_Web.testScripts.LoginTest" name="validateLogin" time="2.821"/>
  <testcase classname="demoCRM_Web.testScripts.TC001_Create_NewContact" name="create_NewCustomer" time="0.0">
    <failure type="org.testng.TestNGException" message="
Method public void demoCRM_Web.testScripts.TC001_Create_NewContact.create_NewCustomer(java.util.Map) requires a @DataProvider named : ExcelTestData">
      <![CDATA[org.testng.TestNGException: 
Method public void demoCRM_Web.testScripts.TC001_Create_NewContact.create_NewCustomer(java.util.Map) requires a @DataProvider named : ExcelTestData
at java.base/java.util.ArrayList.forEach(ArrayList.java:1596)
... Removed 24 stack frames]]>
    </failure>
  </testcase> <!-- create_NewCustomer -->
  <testcase classname="cogmentoCRM_Web.baseUtils.TestBase" name="@AfterSuite tearDown" time="0.0">
    <ignored/>
  </testcase> <!-- @AfterSuite tearDown -->
  <testcase classname="cogmentoCRM_Web.baseUtils.TestBase" name="@BeforeSuite setup" time="0.0">
    <ignored/>
  </testcase> <!-- @BeforeSuite setup -->
</testsuite> <!-- Test -->
