<?xml version="1.0" encoding="UTF-8"?>
<testng-results ignored="0" total="1" passed="1" failed="0" skipped="0">
  <reporter-output>
  </reporter-output>
  <suite started-at="2025-05-22T12:20:03 IST" name="Default suite" finished-at="2025-05-22T12:22:49 IST" duration-ms="165343">
    <groups>
    </groups>
    <test started-at="2025-05-22T12:20:03 IST" name="Default test" finished-at="2025-05-22T12:22:49 IST" duration-ms="165343">
      <class name="demoCRM_Web.testScripts.TC001_Create_NewContact">
        <test-method is-config="true" signature="setup()[pri:0, instance:demoCRM_Web.testScripts.TC001_Create_NewContact@10fbbdb]" started-at="2025-05-22T12:19:56 IST" name="setup" finished-at="2025-05-22T12:20:03 IST" duration-ms="7291" status="PASS">
          <reporter-output>
          </reporter-output>
        </test-method> <!-- setup -->
        <test-method is-config="true" signature="login()[pri:0, instance:demoCRM_Web.testScripts.TC001_Create_NewContact@10fbbdb]" started-at="2025-05-22T12:20:03 IST" name="login" finished-at="2025-05-22T12:20:06 IST" duration-ms="2846" status="PASS">
          <reporter-output>
          </reporter-output>
        </test-method> <!-- login -->
        <test-method signature="createNewContact(java.util.Map)[pri:0, instance:demoCRM_Web.testScripts.TC001_Create_NewContact@10fbbdb]" started-at="2025-05-22T12:20:21 IST" name="createNewContact" data-provider="ExcelTestData" finished-at="2025-05-22T12:22:48 IST" duration-ms="147493" status="PASS">
          <params>
            <param index="0">
              <value>
                <![CDATA[{FirstName=Gangadhar, LastName=B, Option=Customer, Number=7406573916}]]>
              </value>
            </param>
          </params>
          <reporter-output>
          </reporter-output>
        </test-method> <!-- createNewContact -->
        <test-method is-config="true" signature="logout()[pri:0, instance:demoCRM_Web.testScripts.TC001_Create_NewContact@10fbbdb]" started-at="2025-05-22T12:22:48 IST" name="logout" finished-at="2025-05-22T12:22:49 IST" duration-ms="335" status="PASS">
          <reporter-output>
          </reporter-output>
        </test-method> <!-- logout -->
        <test-method is-config="true" signature="tearDown()[pri:0, instance:demoCRM_Web.testScripts.TC001_Create_NewContact@10fbbdb]" started-at="2025-05-22T12:22:49 IST" name="tearDown" finished-at="2025-05-22T12:22:49 IST" duration-ms="384" status="PASS">
          <reporter-output>
          </reporter-output>
        </test-method> <!-- tearDown -->
      </class> <!-- demoCRM_Web.testScripts.TC001_Create_NewContact -->
    </test> <!-- Default test -->
  </suite> <!-- Default suite -->
</testng-results>
