<?xml version="1.0" encoding="UTF-8"?>
<testng-results ignored="0" total="1" passed="1" failed="0" skipped="0">
  <reporter-output>
  </reporter-output>
  <suite started-at="2025-05-21T12:03:37 IST" name="Default suite" finished-at="2025-05-21T12:03:48 IST" duration-ms="10862">
    <groups>
    </groups>
    <test started-at="2025-05-21T12:03:37 IST" name="Default test" finished-at="2025-05-21T12:03:48 IST" duration-ms="10862">
      <class name="demoCRM_Web.testScripts.LoginTest">
        <test-method is-config="true" signature="setup()[pri:0, instance:demoCRM_Web.testScripts.LoginTest@6e106680]" started-at="2025-05-21T12:03:37 IST" name="setup" finished-at="2025-05-21T12:03:45 IST" duration-ms="7738" status="PASS">
          <reporter-output>
          </reporter-output>
        </test-method> <!-- setup -->
        <test-method is-config="true" signature="login()[pri:0, instance:demoCRM_Web.testScripts.LoginTest@6e106680]" started-at="2025-05-21T12:03:45 IST" name="login" finished-at="2025-05-21T12:03:46 IST" duration-ms="474" status="PASS">
          <reporter-output>
          </reporter-output>
        </test-method> <!-- login -->
        <test-method signature="validateLogin()[pri:0, instance:demoCRM_Web.testScripts.LoginTest@6e106680]" started-at="2025-05-21T12:03:46 IST" name="validateLogin" finished-at="2025-05-21T12:03:48 IST" duration-ms="2049" status="PASS">
          <reporter-output>
          </reporter-output>
        </test-method> <!-- validateLogin -->
        <test-method is-config="true" signature="tearDown()[pri:0, instance:demoCRM_Web.testScripts.LoginTest@6e106680]" started-at="2025-05-21T12:03:48 IST" name="tearDown" finished-at="2025-05-21T12:03:48 IST" duration-ms="336" status="PASS">
          <reporter-output>
          </reporter-output>
        </test-method> <!-- tearDown -->
      </class> <!-- demoCRM_Web.testScripts.LoginTest -->
    </test> <!-- Default test -->
  </suite> <!-- Default suite -->
</testng-results>
